<?xml version="1.0" encoding="UTF-8"?>
<!-- Generated by org.testng.reporters.JUnitReportReporter -->
<testsuite skipped="0" hostname="A2SITML31101" name="com.mindtree.mercurytours.reusablecomponents.Driver" tests="1" failures="0" timestamp="01 Mar 2019 10:20:53 GMT" time="1.459" errors="0">
  <testcase name="login" time="1.459" classname="com.mindtree.mercurytours.reusablecomponents.Driver"/>
</testsuite> <!-- com.mindtree.mercurytours.reusablecomponents.Driver -->
