<?xml version="1.0" encoding="UTF-8"?>
<!-- Generated by org.testng.reporters.JUnitReportReporter -->
<testsuite skipped="0" hostname="A2SITML31103" name="com.mindtree.mercurytours.testscases.DemoautBookingReturnFlight" tests="4" failures="0" timestamp="31 May 2019 06:44:31 GMT" time="10.782" errors="0">
  <testcase name="demoautLoginTest" time="4.194" classname="com.mindtree.mercurytours.testscases.DemoautBookingReturnFlight"/>
  <testcase name="bookReturnFlight" time="3.478" classname="com.mindtree.mercurytours.testscases.DemoautBookingReturnFlight"/>
  <testcase name="selectFlight" time="2.942" classname="com.mindtree.mercurytours.testscases.DemoautBookingReturnFlight"/>
  <testcase name="vaidateReturnTicket" time="0.168" classname="com.mindtree.mercurytours.testscases.DemoautBookingReturnFlight"/>
</testsuite> <!-- com.mindtree.mercurytours.testscases.DemoautBookingReturnFlight -->
