<?xml version="1.0" encoding="UTF-8"?>
<!-- Generated by org.testng.reporters.JUnitReportReporter -->
<testsuite skipped="0" hostname="A2SITML31103" name="com.mindtree.mercurytours.testscases.ValidatingUserLoginCredentials" tests="1" failures="0" timestamp="31 May 2019 06:44:31 GMT" time="3.756" errors="0">
  <testcase name="validatingUserCredentials" time="3.756" classname="com.mindtree.mercurytours.testscases.ValidatingUserLoginCredentials"/>
</testsuite> <!-- com.mindtree.mercurytours.testscases.ValidatingUserLoginCredentials -->
