<?xml version="1.0" encoding="UTF-8"?>
<!-- Generated by org.testng.reporters.JUnitReportReporter -->
<testsuite skipped="0" hostname="A2SITML31101" name="com.mindtree.mercurytours.utility.pdf" tests="1" failures="0" timestamp="01 Mar 2019 13:22:45 GMT" time="0.020" errors="0">
  <testcase name="converter" time="0.020" classname="com.mindtree.mercurytours.utility.pdf"/>
</testsuite> <!-- com.mindtree.mercurytours.utility.pdf -->
